<?xml version="1.0" encoding="UTF-8"?>
<!-- Generated by org.testng.reporters.JUnitXMLReporter -->
<testsuite ignored="0" hostname="CHN-LP76" failures="0" tests="11" name="Default test" time="68.645" errors="0" timestamp="2023-08-30T16:24:37 IST">
  <testcase classname="TestCases.Add_Contacts" name="add_all_fields" time="0.527"/>
  <testcase classname="TestCases.Add_Contacts" name="add_all_fields" time="0.451"/>
  <testcase classname="TestCases.Add_Contacts" name="adding_Name_And_Phone_Only" time="0.303"/>
  <testcase classname="TestCases.Add_Contacts" name="adding_Name_And_Email_Only" time="0.377"/>
  <testcase classname="TestCases.Add_Contacts" name="adding_Phone_And_Email_Only" time="0.34"/>
  <testcase classname="TestCases.Add_Contacts" name="adding_Name_Only" time="0.231"/>
  <testcase classname="TestCases.Add_Contacts" name="adding_Phone_Only" time="0.227"/>
  <testcase classname="TestCases.Add_Contacts" name="adding_Email_Only" time="0.246"/>
  <testcase classname="TestCases.Add_Contacts" name="adding_SpecialCharacters_In_Name_Field" time="0.241"/>
  <testcase classname="TestCases.Add_Contacts" name="adding_SpecialCharacters_In_Phone_Field" time="0.223"/>
  <testcase classname="TestCases.Add_Contacts" name="adding_Multiple_Contacts" time="5.726"/>
</testsuite> <!-- Default test -->
